<?xml version="1.0" encoding="UTF-8"?>
<!-- Generated by org.testng.reporters.JUnitXMLReporter -->
<testsuite hostname="Lappy" failures="4" tests="4" name="AllSuites" time="12.269" errors="0" timestamp="11 Oct 2020 19:15:24 GMT">
  <testcase classname="com.invincible.seleniumtest.suites.EmailTest" name="testTextContainedInBody" time="3.259">
    <failure type="java.lang.AssertionError" message="Given text is not found in subject of the mail expected [true] but found [false]">
      <![CDATA[java.lang.AssertionError: Given text is not found in subject of the mail expected [true] but found [false]
	at com.invincible.seleniumtest.suites.EmailTest.testTextContainedInBody(EmailTest.java:38)
... Removed 30 stack frames]]>
    </failure>
  </testcase> <!-- testTextContainedInBody -->
  <testcase classname="com.invincible.seleniumtest.suites.EmailTest" name="testTextContainedInBody" time="2.53">
    <failure type="java.lang.AssertionError" message="Given text is not found in subject of the mail expected [true] but found [false]">
      <![CDATA[java.lang.AssertionError: Given text is not found in subject of the mail expected [true] but found [false]
	at com.invincible.seleniumtest.suites.EmailTest.testTextContainedInBody(EmailTest.java:38)
... Removed 30 stack frames]]>
    </failure>
  </testcase> <!-- testTextContainedInBody -->
  <testcase classname="com.invincible.seleniumtest.suites.EmailTest" name="testTextContainedInSubject" time="2.445">
    <failure type="java.lang.AssertionError" message="Given text is not found in subject of the mail expected [true] but found [false]">
      <![CDATA[java.lang.AssertionError: Given text is not found in subject of the mail expected [true] but found [false]
	at com.invincible.seleniumtest.suites.EmailTest.testTextContainedInSubject(EmailTest.java:25)
... Removed 30 stack frames]]>
    </failure>
  </testcase> <!-- testTextContainedInSubject -->
  <testcase classname="com.invincible.seleniumtest.suites.EmailTest" name="testTextContainedInSubject" time="2.567">
    <failure type="java.lang.AssertionError" message="Given text is not found in subject of the mail expected [true] but found [false]">
      <![CDATA[java.lang.AssertionError: Given text is not found in subject of the mail expected [true] but found [false]
	at com.invincible.seleniumtest.suites.EmailTest.testTextContainedInSubject(EmailTest.java:25)
... Removed 30 stack frames]]>
    </failure>
  </testcase> <!-- testTextContainedInSubject -->
</testsuite> <!-- AllSuites -->
