<?xml version="1.0" encoding="UTF-8"?>
<!-- Generated by org.testng.reporters.JUnitXMLReporter -->
<testsuite hostname="Lappy" failures="0" tests="2" name="AllSuites" time="0.062" errors="0" timestamp="11 Oct 2020 16:56:27 GMT">
  <testcase classname="com.invincible.seleniumtest.suites.EmailTest" name="connectToEmail" time="0.0">
    <skipped/>
  </testcase> <!-- connectToEmail -->
  <testcase classname="com.invincible.seleniumtest.suites.EmailTest" name="testTextContained" time="0.0">
    <skipped/>
  </testcase> <!-- testTextContained -->
</testsuite> <!-- AllSuites -->
