-------------------------------------------------------------------------------
Test set: TestSuite
-------------------------------------------------------------------------------
Tests run: 4, Failures: 4, Errors: 0, Skipped: 0, Time elapsed: 15.493 sec <<< FAILURE! - in TestSuite
testTextContainedInBody(com.invincible.seleniumtest.suites.EmailTest)  Time elapsed: 3.267 sec  <<< FAILURE!
java.lang.AssertionError: Given text is not found in subject of the mail expected [true] but found [false]
	at org.testng.Assert.fail(Assert.java:94)
	at org.testng.Assert.failNotEquals(Assert.java:494)
	at org.testng.Assert.assertTrue(Assert.java:42)
	at com.invincible.seleniumtest.suites.EmailTest.testTextContainedInBody(EmailTest.java:38)

testTextContainedInBody(com.invincible.seleniumtest.suites.EmailTest)  Time elapsed: 2.54 sec  <<< FAILURE!
java.lang.AssertionError: Given text is not found in subject of the mail expected [true] but found [false]
	at org.testng.Assert.fail(Assert.java:94)
	at org.testng.Assert.failNotEquals(Assert.java:494)
	at org.testng.Assert.assertTrue(Assert.java:42)
	at com.invincible.seleniumtest.suites.EmailTest.testTextContainedInBody(EmailTest.java:38)

testTextContainedInSubject(com.invincible.seleniumtest.suites.EmailTest)  Time elapsed: 2.447 sec  <<< FAILURE!
java.lang.AssertionError: Given text is not found in subject of the mail expected [true] but found [false]
	at org.testng.Assert.fail(Assert.java:94)
	at org.testng.Assert.failNotEquals(Assert.java:494)
	at org.testng.Assert.assertTrue(Assert.java:42)
	at com.invincible.seleniumtest.suites.EmailTest.testTextContainedInSubject(EmailTest.java:25)

testTextContainedInSubject(com.invincible.seleniumtest.suites.EmailTest)  Time elapsed: 2.587 sec  <<< FAILURE!
java.lang.AssertionError: Given text is not found in subject of the mail expected [true] but found [false]
	at org.testng.Assert.fail(Assert.java:94)
	at org.testng.Assert.failNotEquals(Assert.java:494)
	at org.testng.Assert.assertTrue(Assert.java:42)
	at com.invincible.seleniumtest.suites.EmailTest.testTextContainedInSubject(EmailTest.java:25)

