<?xml version="1.0" encoding="UTF-8"?>
<testng-results total="2" passed="2" failed="0" skipped="0">
  <reporter-output>
  </reporter-output>
  <suite started-at="2020-10-11T18:15:31Z" name="MyArtifactSuite" finished-at="2020-10-11T18:16:22Z" duration-ms="50748">
    <groups>
    </groups>
    <test started-at="2020-10-11T18:15:31Z" name="AllSuites" finished-at="2020-10-11T18:16:22Z" duration-ms="50748">
      <class name="com.invincible.seleniumtest.suites.EmailTest">
        <test-method signature="testTextContained(java.lang.String, java.lang.String, java.lang.String)[pri:0, instance:com.invincible.seleniumtest.suites.EmailTest@5c1a8622]" started-at="2020-10-11T23:45:32Z" name="testTextContained" data-provider="Authenticator" finished-at="2020-10-11T23:46:14Z" duration-ms="42009" status="PASS">
          <params>
            <param index="0">
              <value>
                <![CDATA[akshay.apg@gmail.com]]>
              </value>
            </param>
            <param index="1">
              <value>
                <![CDATA[Montoo_gmail]]>
              </value>
            </param>
            <param index="2">
              <value>
                <![CDATA[Axis]]>
              </value>
            </param>
          </params>
          <reporter-output>
          </reporter-output>
        </test-method> <!-- testTextContained -->
        <test-method signature="testTextContained(java.lang.String, java.lang.String, java.lang.String)[pri:0, instance:com.invincible.seleniumtest.suites.EmailTest@5c1a8622]" started-at="2020-10-11T23:46:14Z" name="testTextContained" data-provider="Authenticator" finished-at="2020-10-11T23:46:20Z" duration-ms="6074" status="PASS">
          <params>
            <param index="0">
              <value>
                <![CDATA[akshayprakash2507@gmail.com]]>
              </value>
            </param>
            <param index="1">
              <value>
                <![CDATA[Montoo@gmail]]>
              </value>
            </param>
            <param index="2">
              <value>
                <![CDATA[Axis]]>
              </value>
            </param>
          </params>
          <reporter-output>
          </reporter-output>
        </test-method> <!-- testTextContained -->
        <test-method is-config="true" signature="testClose()[pri:0, instance:com.invincible.seleniumtest.suites.EmailTest@5c1a8622]" started-at="2020-10-11T23:46:20Z" name="testClose" finished-at="2020-10-11T23:46:22Z" duration-ms="1260" status="PASS">
          <reporter-output>
          </reporter-output>
        </test-method> <!-- testClose -->
      </class> <!-- com.invincible.seleniumtest.suites.EmailTest -->
    </test> <!-- AllSuites -->
  </suite> <!-- MyArtifactSuite -->
</testng-results>
